Warning: file 'mem.vmh' for memory 'bram_memory' has a gap at addresses 1065 to 2047.
Warning: file 'mem.vmh' for memory 'bram_memory' has a gap at addresses 2051 to 1073741823.
Fetch 00000000
[Decode] DecodedInst { legal: True, valid_rs1: True, valid_rs2: False, valid_rd: True, immediateType: tagged Valid ImmI, inst: 'h00000093 }
[Execute] DecodedInst { legal: True, valid_rs1: True, valid_rs2: False, valid_rd: True, immediateType: tagged Valid ImmI, inst: 'h00000093 }
[Writeback]DecodedInst { legal: True, valid_rs1: True, valid_rs2: False, valid_rd: True, immediateType: tagged Valid ImmI, inst: 'h00000093 }
Fetch 00000004
[Decode] DecodedInst { legal: True, valid_rs1: True, valid_rs2: False, valid_rd: True, immediateType: tagged Valid ImmI, inst: 'h00000113 }
[Execute] DecodedInst { legal: True, valid_rs1: True, valid_rs2: False, valid_rd: True, immediateType: tagged Valid ImmI, inst: 'h00000113 }
[Writeback]DecodedInst { legal: True, valid_rs1: True, valid_rs2: False, valid_rd: True, immediateType: tagged Valid ImmI, inst: 'h00000113 }
Fetch 00000008
[Decode] DecodedInst { legal: True, valid_rs1: True, valid_rs2: False, valid_rd: True, immediateType: tagged Valid ImmI, inst: 'h00000193 }
[Execute] DecodedInst { legal: True, valid_rs1: True, valid_rs2: False, valid_rd: True, immediateType: tagged Valid ImmI, inst: 'h00000193 }
[Writeback]DecodedInst { legal: True, valid_rs1: True, valid_rs2: False, valid_rd: True, immediateType: tagged Valid ImmI, inst: 'h00000193 }
Fetch 0000000c
[Decode] DecodedInst { legal: True, valid_rs1: True, valid_rs2: False, valid_rd: True, immediateType: tagged Valid ImmI, inst: 'h00000213 }
[Execute] DecodedInst { legal: True, valid_rs1: True, valid_rs2: False, valid_rd: True, immediateType: tagged Valid ImmI, inst: 'h00000213 }
[Writeback]DecodedInst { legal: True, valid_rs1: True, valid_rs2: False, valid_rd: True, immediateType: tagged Valid ImmI, inst: 'h00000213 }
Fetch 00000010
[Decode] DecodedInst { legal: True, valid_rs1: True, valid_rs2: False, valid_rd: True, immediateType: tagged Valid ImmI, inst: 'h00000293 }
[Execute] DecodedInst { legal: True, valid_rs1: True, valid_rs2: False, valid_rd: True, immediateType: tagged Valid ImmI, inst: 'h00000293 }
[Writeback]DecodedInst { legal: True, valid_rs1: True, valid_rs2: False, valid_rd: True, immediateType: tagged Valid ImmI, inst: 'h00000293 }
Fetch 00000014
[Decode] DecodedInst { legal: True, valid_rs1: True, valid_rs2: False, valid_rd: True, immediateType: tagged Valid ImmI, inst: 'h00000313 }
[Execute] DecodedInst { legal: True, valid_rs1: True, valid_rs2: False, valid_rd: True, immediateType: tagged Valid ImmI, inst: 'h00000313 }
[Writeback]DecodedInst { legal: True, valid_rs1: True, valid_rs2: False, valid_rd: True, immediateType: tagged Valid ImmI, inst: 'h00000313 }
Fetch 00000018
[Decode] DecodedInst { legal: True, valid_rs1: True, valid_rs2: False, valid_rd: True, immediateType: tagged Valid ImmI, inst: 'h00000393 }
[Execute] DecodedInst { legal: True, valid_rs1: True, valid_rs2: False, valid_rd: True, immediateType: tagged Valid ImmI, inst: 'h00000393 }
[Writeback]DecodedInst { legal: True, valid_rs1: True, valid_rs2: False, valid_rd: True, immediateType: tagged Valid ImmI, inst: 'h00000393 }
Fetch 0000001c
[Decode] DecodedInst { legal: True, valid_rs1: True, valid_rs2: False, valid_rd: True, immediateType: tagged Valid ImmI, inst: 'h00000413 }
[Execute] DecodedInst { legal: True, valid_rs1: True, valid_rs2: False, valid_rd: True, immediateType: tagged Valid ImmI, inst: 'h00000413 }
[Writeback]DecodedInst { legal: True, valid_rs1: True, valid_rs2: False, valid_rd: True, immediateType: tagged Valid ImmI, inst: 'h00000413 }
Fetch 00000020
[Decode] DecodedInst { legal: True, valid_rs1: True, valid_rs2: False, valid_rd: True, immediateType: tagged Valid ImmI, inst: 'h00000493 }
[Execute] DecodedInst { legal: True, valid_rs1: True, valid_rs2: False, valid_rd: True, immediateType: tagged Valid ImmI, inst: 'h00000493 }
[Writeback]DecodedInst { legal: True, valid_rs1: True, valid_rs2: False, valid_rd: True, immediateType: tagged Valid ImmI, inst: 'h00000493 }
Fetch 00000024
[Decode] DecodedInst { legal: True, valid_rs1: True, valid_rs2: False, valid_rd: True, immediateType: tagged Valid ImmI, inst: 'h00000513 }
[Execute] DecodedInst { legal: True, valid_rs1: True, valid_rs2: False, valid_rd: True, immediateType: tagged Valid ImmI, inst: 'h00000513 }
[Writeback]DecodedInst { legal: True, valid_rs1: True, valid_rs2: False, valid_rd: True, immediateType: tagged Valid ImmI, inst: 'h00000513 }
Fetch 00000028
[Decode] DecodedInst { legal: True, valid_rs1: True, valid_rs2: False, valid_rd: True, immediateType: tagged Valid ImmI, inst: 'h00000593 }
[Execute] DecodedInst { legal: True, valid_rs1: True, valid_rs2: False, valid_rd: True, immediateType: tagged Valid ImmI, inst: 'h00000593 }
[Writeback]DecodedInst { legal: True, valid_rs1: True, valid_rs2: False, valid_rd: True, immediateType: tagged Valid ImmI, inst: 'h00000593 }
Fetch 0000002c
[Decode] DecodedInst { legal: True, valid_rs1: True, valid_rs2: False, valid_rd: True, immediateType: tagged Valid ImmI, inst: 'h00000613 }
[Execute] DecodedInst { legal: True, valid_rs1: True, valid_rs2: False, valid_rd: True, immediateType: tagged Valid ImmI, inst: 'h00000613 }
[Writeback]DecodedInst { legal: True, valid_rs1: True, valid_rs2: False, valid_rd: True, immediateType: tagged Valid ImmI, inst: 'h00000613 }
Fetch 00000030
[Decode] DecodedInst { legal: True, valid_rs1: True, valid_rs2: False, valid_rd: True, immediateType: tagged Valid ImmI, inst: 'h00000693 }
[Execute] DecodedInst { legal: True, valid_rs1: True, valid_rs2: False, valid_rd: True, immediateType: tagged Valid ImmI, inst: 'h00000693 }
[Writeback]DecodedInst { legal: True, valid_rs1: True, valid_rs2: False, valid_rd: True, immediateType: tagged Valid ImmI, inst: 'h00000693 }
Fetch 00000034
[Decode] DecodedInst { legal: True, valid_rs1: True, valid_rs2: False, valid_rd: True, immediateType: tagged Valid ImmI, inst: 'h00000713 }
[Execute] DecodedInst { legal: True, valid_rs1: True, valid_rs2: False, valid_rd: True, immediateType: tagged Valid ImmI, inst: 'h00000713 }
[Writeback]DecodedInst { legal: True, valid_rs1: True, valid_rs2: False, valid_rd: True, immediateType: tagged Valid ImmI, inst: 'h00000713 }
Fetch 00000038
[Decode] DecodedInst { legal: True, valid_rs1: True, valid_rs2: False, valid_rd: True, immediateType: tagged Valid ImmI, inst: 'h00000793 }
[Execute] DecodedInst { legal: True, valid_rs1: True, valid_rs2: False, valid_rd: True, immediateType: tagged Valid ImmI, inst: 'h00000793 }
[Writeback]DecodedInst { legal: True, valid_rs1: True, valid_rs2: False, valid_rd: True, immediateType: tagged Valid ImmI, inst: 'h00000793 }
Fetch 0000003c
[Decode] DecodedInst { legal: True, valid_rs1: True, valid_rs2: False, valid_rd: True, immediateType: tagged Valid ImmI, inst: 'h00000813 }
[Execute] DecodedInst { legal: True, valid_rs1: True, valid_rs2: False, valid_rd: True, immediateType: tagged Valid ImmI, inst: 'h00000813 }
[Writeback]DecodedInst { legal: True, valid_rs1: True, valid_rs2: False, valid_rd: True, immediateType: tagged Valid ImmI, inst: 'h00000813 }
Fetch 00000040
[Decode] DecodedInst { legal: True, valid_rs1: True, valid_rs2: False, valid_rd: True, immediateType: tagged Valid ImmI, inst: 'h00000893 }
[Execute] DecodedInst { legal: True, valid_rs1: True, valid_rs2: False, valid_rd: True, immediateType: tagged Valid ImmI, inst: 'h00000893 }
[Writeback]DecodedInst { legal: True, valid_rs1: True, valid_rs2: False, valid_rd: True, immediateType: tagged Valid ImmI, inst: 'h00000893 }
Fetch 00000044
[Decode] DecodedInst { legal: True, valid_rs1: True, valid_rs2: False, valid_rd: True, immediateType: tagged Valid ImmI, inst: 'h00000913 }
[Execute] DecodedInst { legal: True, valid_rs1: True, valid_rs2: False, valid_rd: True, immediateType: tagged Valid ImmI, inst: 'h00000913 }
[Writeback]DecodedInst { legal: True, valid_rs1: True, valid_rs2: False, valid_rd: True, immediateType: tagged Valid ImmI, inst: 'h00000913 }
Fetch 00000048
[Decode] DecodedInst { legal: True, valid_rs1: True, valid_rs2: False, valid_rd: True, immediateType: tagged Valid ImmI, inst: 'h00000993 }
[Execute] DecodedInst { legal: True, valid_rs1: True, valid_rs2: False, valid_rd: True, immediateType: tagged Valid ImmI, inst: 'h00000993 }
[Writeback]DecodedInst { legal: True, valid_rs1: True, valid_rs2: False, valid_rd: True, immediateType: tagged Valid ImmI, inst: 'h00000993 }
Fetch 0000004c
[Decode] DecodedInst { legal: True, valid_rs1: True, valid_rs2: False, valid_rd: True, immediateType: tagged Valid ImmI, inst: 'h00000a13 }
[Execute] DecodedInst { legal: True, valid_rs1: True, valid_rs2: False, valid_rd: True, immediateType: tagged Valid ImmI, inst: 'h00000a13 }
[Writeback]DecodedInst { legal: True, valid_rs1: True, valid_rs2: False, valid_rd: True, immediateType: tagged Valid ImmI, inst: 'h00000a13 }
Fetch 00000050
[Decode] DecodedInst { legal: True, valid_rs1: True, valid_rs2: False, valid_rd: True, immediateType: tagged Valid ImmI, inst: 'h00000a93 }
[Execute] DecodedInst { legal: True, valid_rs1: True, valid_rs2: False, valid_rd: True, immediateType: tagged Valid ImmI, inst: 'h00000a93 }
[Writeback]DecodedInst { legal: True, valid_rs1: True, valid_rs2: False, valid_rd: True, immediateType: tagged Valid ImmI, inst: 'h00000a93 }
Fetch 00000054
[Decode] DecodedInst { legal: True, valid_rs1: True, valid_rs2: False, valid_rd: True, immediateType: tagged Valid ImmI, inst: 'h00000b13 }
[Execute] DecodedInst { legal: True, valid_rs1: True, valid_rs2: False, valid_rd: True, immediateType: tagged Valid ImmI, inst: 'h00000b13 }
[Writeback]DecodedInst { legal: True, valid_rs1: True, valid_rs2: False, valid_rd: True, immediateType: tagged Valid ImmI, inst: 'h00000b13 }
Fetch 00000058
[Decode] DecodedInst { legal: True, valid_rs1: True, valid_rs2: False, valid_rd: True, immediateType: tagged Valid ImmI, inst: 'h00000b93 }
[Execute] DecodedInst { legal: True, valid_rs1: True, valid_rs2: False, valid_rd: True, immediateType: tagged Valid ImmI, inst: 'h00000b93 }
[Writeback]DecodedInst { legal: True, valid_rs1: True, valid_rs2: False, valid_rd: True, immediateType: tagged Valid ImmI, inst: 'h00000b93 }
Fetch 0000005c
[Decode] DecodedInst { legal: True, valid_rs1: True, valid_rs2: False, valid_rd: True, immediateType: tagged Valid ImmI, inst: 'h00000c13 }
[Execute] DecodedInst { legal: True, valid_rs1: True, valid_rs2: False, valid_rd: True, immediateType: tagged Valid ImmI, inst: 'h00000c13 }
[Writeback]DecodedInst { legal: True, valid_rs1: True, valid_rs2: False, valid_rd: True, immediateType: tagged Valid ImmI, inst: 'h00000c13 }
Fetch 00000060
[Decode] DecodedInst { legal: True, valid_rs1: True, valid_rs2: False, valid_rd: True, immediateType: tagged Valid ImmI, inst: 'h00000c93 }
[Execute] DecodedInst { legal: True, valid_rs1: True, valid_rs2: False, valid_rd: True, immediateType: tagged Valid ImmI, inst: 'h00000c93 }
[Writeback]DecodedInst { legal: True, valid_rs1: True, valid_rs2: False, valid_rd: True, immediateType: tagged Valid ImmI, inst: 'h00000c93 }
Fetch 00000064
[Decode] DecodedInst { legal: True, valid_rs1: True, valid_rs2: False, valid_rd: True, immediateType: tagged Valid ImmI, inst: 'h00000d13 }
[Execute] DecodedInst { legal: True, valid_rs1: True, valid_rs2: False, valid_rd: True, immediateType: tagged Valid ImmI, inst: 'h00000d13 }
[Writeback]DecodedInst { legal: True, valid_rs1: True, valid_rs2: False, valid_rd: True, immediateType: tagged Valid ImmI, inst: 'h00000d13 }
Fetch 00000068
[Decode] DecodedInst { legal: True, valid_rs1: True, valid_rs2: False, valid_rd: True, immediateType: tagged Valid ImmI, inst: 'h00000d93 }
[Execute] DecodedInst { legal: True, valid_rs1: True, valid_rs2: False, valid_rd: True, immediateType: tagged Valid ImmI, inst: 'h00000d93 }
[Writeback]DecodedInst { legal: True, valid_rs1: True, valid_rs2: False, valid_rd: True, immediateType: tagged Valid ImmI, inst: 'h00000d93 }
Fetch 0000006c
[Decode] DecodedInst { legal: True, valid_rs1: True, valid_rs2: False, valid_rd: True, immediateType: tagged Valid ImmI, inst: 'h00000e13 }
[Execute] DecodedInst { legal: True, valid_rs1: True, valid_rs2: False, valid_rd: True, immediateType: tagged Valid ImmI, inst: 'h00000e13 }
[Writeback]DecodedInst { legal: True, valid_rs1: True, valid_rs2: False, valid_rd: True, immediateType: tagged Valid ImmI, inst: 'h00000e13 }
Fetch 00000070
[Decode] DecodedInst { legal: True, valid_rs1: True, valid_rs2: False, valid_rd: True, immediateType: tagged Valid ImmI, inst: 'h00000e93 }
[Execute] DecodedInst { legal: True, valid_rs1: True, valid_rs2: False, valid_rd: True, immediateType: tagged Valid ImmI, inst: 'h00000e93 }
[Writeback]DecodedInst { legal: True, valid_rs1: True, valid_rs2: False, valid_rd: True, immediateType: tagged Valid ImmI, inst: 'h00000e93 }
Fetch 00000074
[Decode] DecodedInst { legal: True, valid_rs1: True, valid_rs2: False, valid_rd: True, immediateType: tagged Valid ImmI, inst: 'h00000f13 }
[Execute] DecodedInst { legal: True, valid_rs1: True, valid_rs2: False, valid_rd: True, immediateType: tagged Valid ImmI, inst: 'h00000f13 }
[Writeback]DecodedInst { legal: True, valid_rs1: True, valid_rs2: False, valid_rd: True, immediateType: tagged Valid ImmI, inst: 'h00000f13 }
Fetch 00000078
[Decode] DecodedInst { legal: True, valid_rs1: True, valid_rs2: False, valid_rd: True, immediateType: tagged Valid ImmI, inst: 'h00000f93 }
[Execute] DecodedInst { legal: True, valid_rs1: True, valid_rs2: False, valid_rd: True, immediateType: tagged Valid ImmI, inst: 'h00000f93 }
[Writeback]DecodedInst { legal: True, valid_rs1: True, valid_rs2: False, valid_rd: True, immediateType: tagged Valid ImmI, inst: 'h00000f93 }
Fetch 0000007c
[Decode] DecodedInst { legal: True, valid_rs1: False, valid_rs2: False, valid_rd: True, immediateType: tagged Valid ImmU, inst: 'h10000137 }
[Execute] DecodedInst { legal: True, valid_rs1: False, valid_rs2: False, valid_rd: True, immediateType: tagged Valid ImmU, inst: 'h10000137 }
[Writeback]DecodedInst { legal: True, valid_rs1: False, valid_rs2: False, valid_rd: True, immediateType: tagged Valid ImmU, inst: 'h10000137 }
Fetch 00000080
[Decode] DecodedInst { legal: True, valid_rs1: True, valid_rs2: False, valid_rd: True, immediateType: tagged Valid ImmI, inst: 'hff010113 }
[Execute] DecodedInst { legal: True, valid_rs1: True, valid_rs2: False, valid_rd: True, immediateType: tagged Valid ImmI, inst: 'hff010113 }
[Writeback]DecodedInst { legal: True, valid_rs1: True, valid_rs2: False, valid_rd: True, immediateType: tagged Valid ImmI, inst: 'hff010113 }
Fetch 00000084
[Decode] DecodedInst { legal: True, valid_rs1: False, valid_rs2: False, valid_rd: True, immediateType: tagged Valid ImmJ, inst: 'h018010ef }
[Execute] DecodedInst { legal: True, valid_rs1: False, valid_rs2: False, valid_rd: True, immediateType: tagged Valid ImmJ, inst: 'h018010ef }
[Writeback]DecodedInst { legal: True, valid_rs1: False, valid_rs2: False, valid_rd: True, immediateType: tagged Valid ImmJ, inst: 'h018010ef }
Fetch 0000109c
[Decode] DecodedInst { legal: True, valid_rs1: True, valid_rs2: False, valid_rd: True, immediateType: tagged Valid ImmI, inst: 'h02300513 }
[Execute] DecodedInst { legal: True, valid_rs1: True, valid_rs2: False, valid_rd: True, immediateType: tagged Valid ImmI, inst: 'h02300513 }
[Writeback]DecodedInst { legal: True, valid_rs1: True, valid_rs2: False, valid_rd: True, immediateType: tagged Valid ImmI, inst: 'h02300513 }
Fetch 000010a0
[Decode] DecodedInst { legal: True, valid_rs1: True, valid_rs2: False, valid_rd: True, immediateType: tagged Valid ImmI, inst: 'h00008067 }
[Execute] DecodedInst { legal: True, valid_rs1: True, valid_rs2: False, valid_rd: True, immediateType: tagged Valid ImmI, inst: 'h00008067 }
[Writeback]DecodedInst { legal: True, valid_rs1: True, valid_rs2: False, valid_rd: True, immediateType: tagged Valid ImmI, inst: 'h00008067 }
Fetch 00000088
[Decode] DecodedInst { legal: True, valid_rs1: True, valid_rs2: False, valid_rd: True, immediateType: tagged Valid ImmI, inst: 'h00000513 }
[Execute] DecodedInst { legal: True, valid_rs1: True, valid_rs2: False, valid_rd: True, immediateType: tagged Valid ImmI, inst: 'h00000513 }
[Writeback]DecodedInst { legal: True, valid_rs1: True, valid_rs2: False, valid_rd: True, immediateType: tagged Valid ImmI, inst: 'h00000513 }
Fetch 0000008c
[Decode] DecodedInst { legal: True, valid_rs1: False, valid_rs2: False, valid_rd: True, immediateType: tagged Valid ImmJ, inst: 'h7d9000ef }
[Execute] DecodedInst { legal: True, valid_rs1: False, valid_rs2: False, valid_rd: True, immediateType: tagged Valid ImmJ, inst: 'h7d9000ef }
[Writeback]DecodedInst { legal: True, valid_rs1: False, valid_rs2: False, valid_rd: True, immediateType: tagged Valid ImmJ, inst: 'h7d9000ef }
Fetch 00001064
[Decode] DecodedInst { legal: True, valid_rs1: True, valid_rs2: False, valid_rd: True, immediateType: tagged Valid ImmI, inst: 'hfe010113 }
[Execute] DecodedInst { legal: True, valid_rs1: True, valid_rs2: False, valid_rd: True, immediateType: tagged Valid ImmI, inst: 'hfe010113 }
[Writeback]DecodedInst { legal: True, valid_rs1: True, valid_rs2: False, valid_rd: True, immediateType: tagged Valid ImmI, inst: 'hfe010113 }
Fetch 00001068
[Decode] DecodedInst { legal: True, valid_rs1: True, valid_rs2: True, valid_rd: False, immediateType: tagged Valid ImmS, inst: 'h00812e23 }
[Execute] DecodedInst { legal: True, valid_rs1: True, valid_rs2: True, valid_rd: False, immediateType: tagged Valid ImmS, inst: 'h00812e23 }
[Writeback]DecodedInst { legal: True, valid_rs1: True, valid_rs2: True, valid_rd: False, immediateType: tagged Valid ImmS, inst: 'h00812e23 }
Fetch 0000106c
[Decode] DecodedInst { legal: True, valid_rs1: True, valid_rs2: False, valid_rd: True, immediateType: tagged Valid ImmI, inst: 'h02010413 }
[Execute] DecodedInst { legal: True, valid_rs1: True, valid_rs2: False, valid_rd: True, immediateType: tagged Valid ImmI, inst: 'h02010413 }
[Writeback]DecodedInst { legal: True, valid_rs1: True, valid_rs2: False, valid_rd: True, immediateType: tagged Valid ImmI, inst: 'h02010413 }
Fetch 00001070
[Decode] DecodedInst { legal: True, valid_rs1: True, valid_rs2: True, valid_rd: False, immediateType: tagged Valid ImmS, inst: 'hfea42623 }
[Execute] DecodedInst { legal: True, valid_rs1: True, valid_rs2: True, valid_rd: False, immediateType: tagged Valid ImmS, inst: 'hfea42623 }
[Writeback]DecodedInst { legal: True, valid_rs1: True, valid_rs2: True, valid_rd: False, immediateType: tagged Valid ImmS, inst: 'hfea42623 }
Fetch 00001074
[Decode] DecodedInst { legal: True, valid_rs1: False, valid_rs2: False, valid_rd: True, immediateType: tagged Valid ImmU, inst: 'h00001797 }
[Execute] DecodedInst { legal: True, valid_rs1: False, valid_rs2: False, valid_rd: True, immediateType: tagged Valid ImmU, inst: 'h00001797 }
[Writeback]DecodedInst { legal: True, valid_rs1: False, valid_rs2: False, valid_rd: True, immediateType: tagged Valid ImmU, inst: 'h00001797 }
Fetch 00001078
[Decode] DecodedInst { legal: True, valid_rs1: True, valid_rs2: False, valid_rd: True, immediateType: tagged Valid ImmI, inst: 'hf9478793 }
[Execute] DecodedInst { legal: True, valid_rs1: True, valid_rs2: False, valid_rd: True, immediateType: tagged Valid ImmI, inst: 'hf9478793 }
[Writeback]DecodedInst { legal: True, valid_rs1: True, valid_rs2: False, valid_rd: True, immediateType: tagged Valid ImmI, inst: 'hf9478793 }
Fetch 0000107c
[Decode] DecodedInst { legal: True, valid_rs1: True, valid_rs2: False, valid_rd: True, immediateType: tagged Valid ImmI, inst: 'h0007a783 }
[Execute] DecodedInst { legal: True, valid_rs1: True, valid_rs2: False, valid_rd: True, immediateType: tagged Valid ImmI, inst: 'h0007a783 }
[Writeback]DecodedInst { legal: True, valid_rs1: True, valid_rs2: False, valid_rd: True, immediateType: tagged Valid ImmI, inst: 'h0007a783 }
Fetch 00001080
[Decode] DecodedInst { legal: True, valid_rs1: True, valid_rs2: False, valid_rd: True, immediateType: tagged Valid ImmI, inst: 'hfec42703 }
[Execute] DecodedInst { legal: True, valid_rs1: True, valid_rs2: False, valid_rd: True, immediateType: tagged Valid ImmI, inst: 'hfec42703 }
[Writeback]DecodedInst { legal: True, valid_rs1: True, valid_rs2: False, valid_rd: True, immediateType: tagged Valid ImmI, inst: 'hfec42703 }
Fetch 00001084
[Decode] DecodedInst { legal: True, valid_rs1: True, valid_rs2: True, valid_rd: False, immediateType: tagged Valid ImmS, inst: 'h00e7a023 }
[Execute] DecodedInst { legal: True, valid_rs1: True, valid_rs2: True, valid_rd: False, immediateType: tagged Valid ImmS, inst: 'h00e7a023 }
[Execute] MMIOMem { byte_en: 'hf, addr: 'hf000fff8, data: 'h00000000 }
